
> linkedin-scraper-frontend@0.1.0 lint
> eslint "src/**/*.{ts,tsx}"


/Users/rohanmanthani/projects/linkedin-scraper/frontend/src/App.tsx
  0:0  error  Parsing error: ESLint was configured to run on `<tsconfigRootDir>/src/App.tsx` using `parserOptions.project`: /users/rohanmanthani/projects/linkedin-scraper/frontend/tsconfig.json
However, that TSConfig does not include this file. Either:
- Change ESLint's list of included files to not include this file
- Change that TSConfig to include this file
- Create a new TSConfig that includes this file and include it in your parserOptions.project
See the typescript-eslint docs for more info: https://typescript-eslint.io/linting/troubleshooting#i-get-errors-telling-me-eslint-was-configured-to-run--however-that-tsconfig-does-not--none-of-those-tsconfigs-include-this-file

/Users/rohanmanthani/projects/linkedin-scraper/frontend/src/api/client.ts
  0:0  error  Parsing error: ESLint was configured to run on `<tsconfigRootDir>/src/api/client.ts` using `parserOptions.project`: /users/rohanmanthani/projects/linkedin-scraper/frontend/tsconfig.json
However, that TSConfig does not include this file. Either:
- Change ESLint's list of included files to not include this file
- Change that TSConfig to include this file
- Create a new TSConfig that includes this file and include it in your parserOptions.project
See the typescript-eslint docs for more info: https://typescript-eslint.io/linting/troubleshooting#i-get-errors-telling-me-eslint-was-configured-to-run--however-that-tsconfig-does-not--none-of-those-tsconfigs-include-this-file

/Users/rohanmanthani/projects/linkedin-scraper/frontend/src/components/AutomationStatus.tsx
  0:0  error  Parsing error: ESLint was configured to run on `<tsconfigRootDir>/src/components/AutomationStatus.tsx` using `parserOptions.project`: /users/rohanmanthani/projects/linkedin-scraper/frontend/tsconfig.json
However, that TSConfig does not include this file. Either:
- Change ESLint's list of included files to not include this file
- Change that TSConfig to include this file
- Create a new TSConfig that includes this file and include it in your parserOptions.project
See the typescript-eslint docs for more info: https://typescript-eslint.io/linting/troubleshooting#i-get-errors-telling-me-eslint-was-configured-to-run--however-that-tsconfig-does-not--none-of-those-tsconfigs-include-this-file

/Users/rohanmanthani/projects/linkedin-scraper/frontend/src/components/IcpEditor.tsx
  0:0  error  Parsing error: ESLint was configured to run on `<tsconfigRootDir>/src/components/IcpEditor.tsx` using `parserOptions.project`: /users/rohanmanthani/projects/linkedin-scraper/frontend/tsconfig.json
However, that TSConfig does not include this file. Either:
- Change ESLint's list of included files to not include this file
- Change that TSConfig to include this file
- Create a new TSConfig that includes this file and include it in your parserOptions.project
See the typescript-eslint docs for more info: https://typescript-eslint.io/linting/troubleshooting#i-get-errors-telling-me-eslint-was-configured-to-run--however-that-tsconfig-does-not--none-of-those-tsconfigs-include-this-file

/Users/rohanmanthani/projects/linkedin-scraper/frontend/src/components/LeadTable.tsx
  0:0  error  Parsing error: ESLint was configured to run on `<tsconfigRootDir>/src/components/LeadTable.tsx` using `parserOptions.project`: /users/rohanmanthani/projects/linkedin-scraper/frontend/tsconfig.json
However, that TSConfig does not include this file. Either:
- Change ESLint's list of included files to not include this file
- Change that TSConfig to include this file
- Create a new TSConfig that includes this file and include it in your parserOptions.project
See the typescript-eslint docs for more info: https://typescript-eslint.io/linting/troubleshooting#i-get-errors-telling-me-eslint-was-configured-to-run--however-that-tsconfig-does-not--none-of-those-tsconfigs-include-this-file

/Users/rohanmanthani/projects/linkedin-scraper/frontend/src/components/SearchPresetManager.tsx
  0:0  error  Parsing error: ESLint was configured to run on `<tsconfigRootDir>/src/components/SearchPresetManager.tsx` using `parserOptions.project`: /users/rohanmanthani/projects/linkedin-scraper/frontend/tsconfig.json
However, that TSConfig does not include this file. Either:
- Change ESLint's list of included files to not include this file
- Change that TSConfig to include this file
- Create a new TSConfig that includes this file and include it in your parserOptions.project
See the typescript-eslint docs for more info: https://typescript-eslint.io/linting/troubleshooting#i-get-errors-telling-me-eslint-was-configured-to-run--however-that-tsconfig-does-not--none-of-those-tsconfigs-include-this-file

/Users/rohanmanthani/projects/linkedin-scraper/frontend/src/components/SettingsPage.tsx
  0:0  error  Parsing error: ESLint was configured to run on `<tsconfigRootDir>/src/components/SettingsPage.tsx` using `parserOptions.project`: /users/rohanmanthani/projects/linkedin-scraper/frontend/tsconfig.json
However, that TSConfig does not include this file. Either:
- Change ESLint's list of included files to not include this file
- Change that TSConfig to include this file
- Create a new TSConfig that includes this file and include it in your parserOptions.project
See the typescript-eslint docs for more info: https://typescript-eslint.io/linting/troubleshooting#i-get-errors-telling-me-eslint-was-configured-to-run--however-that-tsconfig-does-not--none-of-those-tsconfigs-include-this-file

/Users/rohanmanthani/projects/linkedin-scraper/frontend/src/components/SettingsPanel.tsx
  0:0  error  Parsing error: ESLint was configured to run on `<tsconfigRootDir>/src/components/SettingsPanel.tsx` using `parserOptions.project`: /users/rohanmanthani/projects/linkedin-scraper/frontend/tsconfig.json
However, that TSConfig does not include this file. Either:
- Change ESLint's list of included files to not include this file
- Change that TSConfig to include this file
- Create a new TSConfig that includes this file and include it in your parserOptions.project
See the typescript-eslint docs for more info: https://typescript-eslint.io/linting/troubleshooting#i-get-errors-telling-me-eslint-was-configured-to-run--however-that-tsconfig-does-not--none-of-those-tsconfigs-include-this-file

/Users/rohanmanthani/projects/linkedin-scraper/frontend/src/main.tsx
  0:0  error  Parsing error: ESLint was configured to run on `<tsconfigRootDir>/src/main.tsx` using `parserOptions.project`: /users/rohanmanthani/projects/linkedin-scraper/frontend/tsconfig.json
However, that TSConfig does not include this file. Either:
- Change ESLint's list of included files to not include this file
- Change that TSConfig to include this file
- Create a new TSConfig that includes this file and include it in your parserOptions.project
See the typescript-eslint docs for more info: https://typescript-eslint.io/linting/troubleshooting#i-get-errors-telling-me-eslint-was-configured-to-run--however-that-tsconfig-does-not--none-of-those-tsconfigs-include-this-file

/Users/rohanmanthani/projects/linkedin-scraper/frontend/src/types/index.ts
  0:0  error  Parsing error: ESLint was configured to run on `<tsconfigRootDir>/src/types/index.ts` using `parserOptions.project`: /users/rohanmanthani/projects/linkedin-scraper/frontend/tsconfig.json
However, that TSConfig does not include this file. Either:
- Change ESLint's list of included files to not include this file
- Change that TSConfig to include this file
- Create a new TSConfig that includes this file and include it in your parserOptions.project
See the typescript-eslint docs for more info: https://typescript-eslint.io/linting/troubleshooting#i-get-errors-telling-me-eslint-was-configured-to-run--however-that-tsconfig-does-not--none-of-those-tsconfigs-include-this-file

✖ 10 problems (10 errors, 0 warnings)

